<?xml version="1.0" encoding="UTF-8"?>
<testng-results ignored="0" total="1" passed="1" failed="0" skipped="0">
  <reporter-output>
  </reporter-output>
  <suite started-at="2024-05-28T22:13:17 GMT+01:00" name="Suite" finished-at="2024-05-28T22:13:36 GMT+01:00" duration-ms="18278">
    <groups>
    </groups>
    <test started-at="2024-05-28T22:13:17 GMT+01:00" name="Test" finished-at="2024-05-28T22:13:36 GMT+01:00" duration-ms="18278">
      <class name="qa.tests.Testcase1">
        <test-method is-config="true" signature="beforeTestMethod()[pri:0, instance:qa.tests.Testcase1@333291e3]" started-at="2024-05-28T22:13:17 GMT+01:00" name="beforeTestMethod" finished-at="2024-05-28T22:13:18 GMT+01:00" duration-ms="272" status="PASS">
          <reporter-output>
          </reporter-output>
        </test-method> <!-- beforeTestMethod -->
        <test-method is-config="true" signature="beforeMethodMethod(java.lang.String,java.lang.reflect.Method)[pri:0, instance:qa.tests.Testcase1@333291e3]" started-at="2024-05-28T22:13:18 GMT+01:00" name="beforeMethodMethod" finished-at="2024-05-28T22:13:28 GMT+01:00" duration-ms="9944" status="PASS">
          <params>
            <param index="0">
              <value>
                <![CDATA[chrome]]>
              </value>
            </param>
            <param index="1">
              <value>
                <![CDATA[public void qa.tests.Testcase1.sampleMethodForEnteringCredentials()]]>
              </value>
            </param>
          </params>
          <reporter-output>
          </reporter-output>
        </test-method> <!-- beforeMethodMethod -->
        <test-method signature="sampleMethodForEnteringCredentials()[pri:0, instance:qa.tests.Testcase1@333291e3]" started-at="2024-05-28T22:13:28 GMT+01:00" name="sampleMethodForEnteringCredentials" finished-at="2024-05-28T22:13:35 GMT+01:00" duration-ms="7010" status="PASS">
          <reporter-output>
          </reporter-output>
        </test-method> <!-- sampleMethodForEnteringCredentials -->
        <test-method is-config="true" signature="afterMethod(org.testng.ITestResult)[pri:0, instance:qa.tests.Testcase1@333291e3]" started-at="2024-05-28T22:13:35 GMT+01:00" name="afterMethod" finished-at="2024-05-28T22:13:35 GMT+01:00" duration-ms="286" status="PASS">
          <params>
            <param index="0">
              <value>
                <![CDATA[[TestResult name=sampleMethodForEnteringCredentials status=SUCCESS method=Testcase1.sampleMethodForEnteringCredentials()[pri:0, instance:qa.tests.Testcase1@333291e3] output={null}]]]>
              </value>
            </param>
          </params>
          <reporter-output>
          </reporter-output>
        </test-method> <!-- afterMethod -->
        <test-method is-config="true" signature="afterTest()[pri:0, instance:qa.tests.Testcase1@333291e3]" started-at="2024-05-28T22:13:35 GMT+01:00" name="afterTest" finished-at="2024-05-28T22:13:36 GMT+01:00" duration-ms="716" status="PASS">
          <reporter-output>
          </reporter-output>
        </test-method> <!-- afterTest -->
      </class> <!-- qa.tests.Testcase1 -->
    </test> <!-- Test -->
  </suite> <!-- Suite -->
</testng-results>
