<?xml version="1.0" encoding="UTF-8"?>
<testng-results ignored="0" total="1" passed="1" failed="0" skipped="0">
  <reporter-output>
  </reporter-output>
  <suite started-at="2024-05-29T11:15:40 CEST" name="Suite" finished-at="2024-05-29T11:16:41 CEST" duration-ms="61187">
    <groups>
    </groups>
    <test started-at="2024-05-29T11:15:40 CEST" name="ChromeTest" finished-at="2024-05-29T11:16:41 CEST" duration-ms="61187">
      <class name="qa.tests.Testcase1">
        <test-method is-config="true" signature="beforeTestMethod()[pri:0, instance:qa.tests.Testcase1@17f62e33]" started-at="2024-05-29T11:15:40 CEST" name="beforeTestMethod" finished-at="2024-05-29T11:15:40 CEST" duration-ms="314" status="PASS">
          <reporter-output>
          </reporter-output>
        </test-method> <!-- beforeTestMethod -->
        <test-method is-config="true" signature="beforeMethodMethod(java.lang.String,java.lang.reflect.Method)[pri:0, instance:qa.tests.Testcase1@17f62e33]" started-at="2024-05-29T11:15:40 CEST" name="beforeMethodMethod" finished-at="2024-05-29T11:16:13 CEST" duration-ms="32535" status="PASS">
          <params>
            <param index="0">
              <value>
                <![CDATA[chrome]]>
              </value>
            </param>
            <param index="1">
              <value>
                <![CDATA[public void qa.tests.Testcase1.sampleMethodForEnteringCredentials()]]>
              </value>
            </param>
          </params>
          <reporter-output>
          </reporter-output>
        </test-method> <!-- beforeMethodMethod -->
        <test-method signature="sampleMethodForEnteringCredentials()[pri:0, instance:qa.tests.Testcase1@17f62e33]" started-at="2024-05-29T11:16:13 CEST" name="sampleMethodForEnteringCredentials" finished-at="2024-05-29T11:16:40 CEST" duration-ms="27675" status="PASS">
          <reporter-output>
          </reporter-output>
        </test-method> <!-- sampleMethodForEnteringCredentials -->
        <test-method is-config="true" signature="afterMethod(org.testng.ITestResult)[pri:0, instance:qa.tests.Testcase1@17f62e33]" started-at="2024-05-29T11:16:40 CEST" name="afterMethod" finished-at="2024-05-29T11:16:41 CEST" duration-ms="291" status="PASS">
          <params>
            <param index="0">
              <value>
                <![CDATA[[TestResult name=sampleMethodForEnteringCredentials status=SUCCESS method=Testcase1.sampleMethodForEnteringCredentials()[pri:0, instance:qa.tests.Testcase1@17f62e33] output={null}]]]>
              </value>
            </param>
          </params>
          <reporter-output>
          </reporter-output>
        </test-method> <!-- afterMethod -->
        <test-method is-config="true" signature="afterTest()[pri:0, instance:qa.tests.Testcase1@17f62e33]" started-at="2024-05-29T11:16:41 CEST" name="afterTest" finished-at="2024-05-29T11:16:41 CEST" duration-ms="326" status="PASS">
          <reporter-output>
          </reporter-output>
        </test-method> <!-- afterTest -->
      </class> <!-- qa.tests.Testcase1 -->
    </test> <!-- ChromeTest -->
  </suite> <!-- Suite -->
</testng-results>
